d:\libpng\zlib-1.2.11\contrib\vstudio\vc12\x86\zlibstatdebug\tmp\zutil.obj
d:\libpng\zlib-1.2.11\contrib\vstudio\vc12\x86\zlibstatdebug\tmp\zip.obj
d:\libpng\zlib-1.2.11\contrib\vstudio\vc12\x86\zlibstatdebug\tmp\unzip.obj
d:\libpng\zlib-1.2.11\contrib\vstudio\vc12\x86\zlibstatdebug\tmp\uncompr.obj
d:\libpng\zlib-1.2.11\contrib\vstudio\vc12\x86\zlibstatdebug\tmp\trees.obj
d:\libpng\zlib-1.2.11\contrib\vstudio\vc12\x86\zlibstatdebug\tmp\ioapi.obj
d:\libpng\zlib-1.2.11\contrib\vstudio\vc12\x86\zlibstatdebug\tmp\inftrees.obj
d:\libpng\zlib-1.2.11\contrib\vstudio\vc12\x86\zlibstatdebug\tmp\inflate.obj
d:\libpng\zlib-1.2.11\contrib\vstudio\vc12\x86\zlibstatdebug\tmp\inffast.obj
d:\libpng\zlib-1.2.11\contrib\vstudio\vc12\x86\zlibstatdebug\tmp\infback.obj
d:\libpng\zlib-1.2.11\contrib\vstudio\vc12\x86\zlibstatdebug\tmp\gzwrite.obj
d:\libpng\zlib-1.2.11\contrib\vstudio\vc12\x86\zlibstatdebug\tmp\gzread.obj
d:\libpng\zlib-1.2.11\contrib\vstudio\vc12\x86\zlibstatdebug\tmp\gzlib.obj
d:\libpng\zlib-1.2.11\contrib\vstudio\vc12\x86\zlibstatdebug\tmp\gzclose.obj
d:\libpng\zlib-1.2.11\contrib\vstudio\vc12\x86\zlibstatdebug\tmp\deflate.obj
d:\libpng\zlib-1.2.11\contrib\vstudio\vc12\x86\zlibstatdebug\tmp\crc32.obj
d:\libpng\zlib-1.2.11\contrib\vstudio\vc12\x86\zlibstatdebug\tmp\compress.obj
d:\libpng\zlib-1.2.11\contrib\vstudio\vc12\x86\zlibstatdebug\tmp\adler32.obj
d:\libpng\zlib-1.2.11\contrib\vstudio\vc12\x86\zlibstatdebug\zlibstat.lib
d:\libpng\zlib-1.2.11\contrib\vstudio\vc12\x86\zlibstatdebug\tmp\zlib.res
d:\libpng\zlib-1.2.11\contrib\vstudio\vc12\x86\zlibstatdebug\tmp\zlibstat.tlog\cl.command.1.tlog
d:\libpng\zlib-1.2.11\contrib\vstudio\vc12\x86\zlibstatdebug\tmp\zlibstat.tlog\cl.read.1.tlog
d:\libpng\zlib-1.2.11\contrib\vstudio\vc12\x86\zlibstatdebug\tmp\zlibstat.tlog\cl.write.1.tlog
d:\libpng\zlib-1.2.11\contrib\vstudio\vc12\x86\zlibstatdebug\tmp\zlibstat.tlog\lib-link-cvtres.read.1.tlog
d:\libpng\zlib-1.2.11\contrib\vstudio\vc12\x86\zlibstatdebug\tmp\zlibstat.tlog\lib-link-cvtres.write.1.tlog
d:\libpng\zlib-1.2.11\contrib\vstudio\vc12\x86\zlibstatdebug\tmp\zlibstat.tlog\lib.command.1.tlog
d:\libpng\zlib-1.2.11\contrib\vstudio\vc12\x86\zlibstatdebug\tmp\zlibstat.tlog\rc.command.1.tlog
d:\libpng\zlib-1.2.11\contrib\vstudio\vc12\x86\zlibstatdebug\tmp\zlibstat.tlog\rc.read.1.tlog
d:\libpng\zlib-1.2.11\contrib\vstudio\vc12\x86\zlibstatdebug\tmp\zlibstat.tlog\rc.write.1.tlog
